======================================================================
               VOCs模型训练日志
======================================================================

训练开始时间: 2026-02-03 10:59:42
设备: cuda
模型参数: 3,212,545
损失权重: 短期x3.0, 中期x2.0, 长期x1.0
Scheduled Sampling: 0.5 → 0.05
======================================================================


======================================================================
开始训练...
设备: cuda
损失权重: 短期x3.0, 中期x2.0, 长期x1.0
 Scheduled Sampling: 0.5 → 0.05
======================================================================
Epoch 001/150 | Loss: 0.032579/0.027196 | R²: 0.4269 | 趋势: 57.2% | 超标: 99.2% | TF: 0.49 | LR: 0.000800
  最佳模型已保存 (Epoch 1, R²=0.4269)
  最佳模型已保存 (Epoch 2, R²=0.4490)
  最佳模型已保存 (Epoch 4, R²=0.5733)
Epoch 005/150 | Loss: 0.014755/0.021015 | R²: 0.5328 | 趋势: 55.5% | 超标: 99.2% | TF: 0.45 | LR: 0.000800
  最佳模型已保存 (Epoch 7, R²=0.5641)
  最佳模型已保存 (Epoch 8, R²=0.5885)
Epoch 010/150 | Loss: 0.012266/0.019055 | R²: 0.5748 | 趋势: 57.2% | 超标: 99.2% | TF: 0.41 | LR: 0.000800
  最佳模型已保存 (Epoch 12, R²=0.5824)
  最佳模型已保存 (Epoch 13, R²=0.5971)
  最佳模型已保存 (Epoch 14, R²=0.6151)
Epoch 015/150 | Loss: 0.012782/0.017640 | R²: 0.6011 | 趋势: 55.8% | 超标: 99.2% | TF: 0.37 | LR: 0.000800
  最佳模型已保存 (Epoch 19, R²=0.6199)
Epoch 020/150 | Loss: 0.012594/0.018702 | R²: 0.5692 | 趋势: 55.9% | 超标: 99.2% | TF: 0.33 | LR: 0.000800
  最佳模型已保存 (Epoch 23, R²=0.6235)
Epoch 025/150 | Loss: 0.013306/0.017813 | R²: 0.5865 | 趋势: 60.4% | 超标: 99.2% | TF: 0.30 | LR: 0.000800
  最佳模型已保存 (Epoch 26, R²=0.6280)
Epoch 030/150 | Loss: 0.012369/0.019019 | R²: 0.5686 | 趋势: 60.6% | 超标: 99.2% | TF: 0.27 | LR: 0.000800
  最佳模型已保存 (Epoch 34, R²=0.6302)
Epoch 035/150 | Loss: 0.012571/0.016220 | R²: 0.6238 | 趋势: 55.6% | 超标: 99.2% | TF: 0.25 | LR: 0.000800
Epoch 040/150 | Loss: 0.012933/0.016858 | R²: 0.5933 | 趋势: 50.3% | 超标: 99.2% | TF: 0.22 | LR: 0.000800
Epoch 045/150 | Loss: 0.013135/0.016627 | R²: 0.6149 | 趋势: 56.2% | 超标: 99.2% | TF: 0.20 | LR: 0.000400
Epoch 050/150 | Loss: 0.012155/0.017735 | R²: 0.5752 | 趋势: 52.8% | 超标: 99.2% | TF: 0.18 | LR: 0.000400

早停触发 (Epoch 54)
======================================================================
训练完成！
最佳验证Loss: 0.015679
训练结束时间: 2026-02-03 12:09:40
======================================================================
训练日志已保存: src\outputs\20260203_105917\logs\training.log
